nohup: 入力を無視します
[GIN-debug] [WARNING] Creating an Engine instance with the Logger and Recovery middleware already attached.

[GIN-debug] [WARNING] Running in "debug" mode. Switch to "release" mode in production.
 - using env:	export GIN_MODE=release
 - using code:	gin.SetMode(gin.ReleaseMode)

[GIN-debug] GET    /api/v1/health            --> main.main.func2 (4 handlers)
[GIN-debug] GET    /api/v1/posts             --> main.getPosts (4 handlers)
[GIN-debug] GET    /api/v1/posts/:id         --> main.getPost (4 handlers)
[GIN-debug] POST   /api/v1/posts             --> main.createPost (4 handlers)
[GIN-debug] POST   /api/v1/posts/:id/like    --> main.likePost (4 handlers)
[GIN-debug] GET    /api/v1/users             --> main.getUsers (4 handlers)
[GIN-debug] GET    /api/v1/users/:id         --> main.getUser (4 handlers)
[GIN-debug] GET    /api/v1/users/:id/posts   --> main.getUserPosts (4 handlers)
[GIN-debug] [WARNING] You trusted all proxies, this is NOT safe. We recommend you to set a value.
Please check https://github.com/gin-gonic/gin/blob/master/docs/doc.md#dont-trust-all-proxies for details.
[GIN-debug] Listening and serving HTTP on :8081
[GIN] 2025/11/21 - 23:48:19 | 200 |     101.301µs |             ::1 | GET      "/api/v1/health"
[GIN] 2025/11/21 - 23:48:24 | 200 |     195.671µs |             ::1 | GET      "/api/v1/posts"
[GIN] 2025/11/21 - 23:48:34 | 200 |      90.581µs |             ::1 | GET      "/api/v1/users"
[GIN] 2025/11/21 - 23:48:42 | 200 |      68.438µs |             ::1 | POST     "/api/v1/posts/1/like"
